<?xml version="1.0" encoding="UTF-8"?>
<testng-results ignored="0" total="3" passed="3" failed="0" skipped="0">
  <reporter-output>
  </reporter-output>
  <suite started-at="2024-03-14T16:23:27 IST" name="Default suite" finished-at="2024-03-14T16:23:31 IST" duration-ms="3725">
    <groups>
    </groups>
    <test started-at="2024-03-14T16:23:27 IST" name="Default test" finished-at="2024-03-14T16:23:31 IST" duration-ms="3725">
      <class name="com.qa.testcases.TC_ValidateMainElements_005">
        <test-method is-config="true" signature="setUp()[pri:0, instance:com.qa.testcases.TC_ValidateMainElements_005@11392934]" started-at="2024-03-14T16:23:27 IST" name="setUp" finished-at="2024-03-14T16:23:28 IST" duration-ms="1238" status="PASS">
          <reporter-output>
          </reporter-output>
        </test-method> <!-- setUp -->
        <test-method signature="test1()[pri:1, instance:com.qa.testcases.TC_ValidateMainElements_005@11392934]" started-at="2024-03-14T16:23:28 IST" name="test1" finished-at="2024-03-14T16:23:31 IST" duration-ms="2354" status="PASS">
          <reporter-output>
          </reporter-output>
        </test-method> <!-- test1 -->
        <test-method signature="test2()[pri:2, instance:com.qa.testcases.TC_ValidateMainElements_005@11392934]" started-at="2024-03-14T16:23:31 IST" name="test2" finished-at="2024-03-14T16:23:31 IST" duration-ms="86" status="PASS">
          <reporter-output>
          </reporter-output>
        </test-method> <!-- test2 -->
        <test-method signature="test3()[pri:3, instance:com.qa.testcases.TC_ValidateMainElements_005@11392934]" started-at="2024-03-14T16:23:31 IST" name="test3" finished-at="2024-03-14T16:23:31 IST" duration-ms="12" status="PASS">
          <reporter-output>
          </reporter-output>
        </test-method> <!-- test3 -->
        <test-method is-config="true" signature="tearDown()[pri:0, instance:com.qa.testcases.TC_ValidateMainElements_005@11392934]" started-at="2024-03-14T16:23:31 IST" name="tearDown" finished-at="2024-03-14T16:23:31 IST" duration-ms="1" status="PASS">
          <reporter-output>
          </reporter-output>
        </test-method> <!-- tearDown -->
      </class> <!-- com.qa.testcases.TC_ValidateMainElements_005 -->
    </test> <!-- Default test -->
  </suite> <!-- Default suite -->
</testng-results>
