<?xml version="1.0" encoding="UTF-8"?>
<testng-results ignored="0" total="3" passed="3" failed="0" skipped="0">
  <reporter-output>
  </reporter-output>
  <suite started-at="2024-04-06T01:45:41 IST" name="Default suite" finished-at="2024-04-06T01:45:50 IST" duration-ms="9210">
    <groups>
    </groups>
    <test started-at="2024-04-06T01:45:41 IST" name="Default test" finished-at="2024-04-06T01:45:50 IST" duration-ms="9210">
      <class name="com.qa.testcases.TC_LinksVerification_004">
        <test-method is-config="true" signature="setUp()[pri:0, instance:com.qa.testcases.TC_LinksVerification_004@30c0ccff]" started-at="2024-04-06T01:45:41 IST" name="setUp" finished-at="2024-04-06T01:45:46 IST" duration-ms="5063" status="PASS">
          <reporter-output>
          </reporter-output>
        </test-method> <!-- setUp -->
        <test-method signature="test1()[pri:1, instance:com.qa.testcases.TC_LinksVerification_004@30c0ccff]" started-at="2024-04-06T01:45:46 IST" name="test1" finished-at="2024-04-06T01:45:49 IST" duration-ms="2895" status="PASS">
          <reporter-output>
          </reporter-output>
        </test-method> <!-- test1 -->
        <test-method signature="test2()[pri:2, instance:com.qa.testcases.TC_LinksVerification_004@30c0ccff]" started-at="2024-04-06T01:45:49 IST" name="test2" finished-at="2024-04-06T01:45:49 IST" duration-ms="612" status="PASS">
          <reporter-output>
          </reporter-output>
        </test-method> <!-- test2 -->
        <test-method signature="test3()[pri:3, instance:com.qa.testcases.TC_LinksVerification_004@30c0ccff]" started-at="2024-04-06T01:45:49 IST" name="test3" finished-at="2024-04-06T01:45:50 IST" duration-ms="600" status="PASS">
          <reporter-output>
          </reporter-output>
        </test-method> <!-- test3 -->
        <test-method is-config="true" signature="tearDown()[pri:0, instance:com.qa.testcases.TC_LinksVerification_004@30c0ccff]" started-at="2024-04-06T01:45:50 IST" name="tearDown" finished-at="2024-04-06T01:45:50 IST" duration-ms="0" status="PASS">
          <reporter-output>
          </reporter-output>
        </test-method> <!-- tearDown -->
      </class> <!-- com.qa.testcases.TC_LinksVerification_004 -->
    </test> <!-- Default test -->
  </suite> <!-- Default suite -->
</testng-results>
