<?xml version="1.0" encoding="UTF-8"?>
<!-- Generated by org.testng.reporters.JUnitXMLReporter -->
<testsuite ignored="0" hostname="AbhaySinh" failures="0" tests="3" name="Default test" time="3.725" errors="0" timestamp="2024-03-14T16:23:31 IST">
  <testcase classname="com.qa.testcases.TC_ValidateMainElements_005" name="test1" time="2.354"/>
  <testcase classname="com.qa.testcases.TC_ValidateMainElements_005" name="test2" time="0.086"/>
  <testcase classname="com.qa.testcases.TC_ValidateMainElements_005" name="test3" time="0.012"/>
</testsuite> <!-- Default test -->
