<?xml version="1.0" encoding="UTF-8"?>
<!-- Generated by org.testng.reporters.JUnitXMLReporter -->
<testsuite ignored="0" hostname="AbhaySinh" failures="0" tests="3" name="Default test" time="9.21" errors="0" timestamp="2024-04-06T01:45:50 IST">
  <testcase classname="com.qa.testcases.TC_LinksVerification_004" name="test1" time="2.895"/>
  <testcase classname="com.qa.testcases.TC_LinksVerification_004" name="test2" time="0.612"/>
  <testcase classname="com.qa.testcases.TC_LinksVerification_004" name="test3" time="0.6"/>
</testsuite> <!-- Default test -->
